<?xml version="1.0" encoding="UTF-8"?>
<TestRun id="ba2669d9-8e85-4d70-8b52-f29981455ddc" name="Administrator@HPSERVER1 2011-12-21 14:28:42" runUser="JIMINAUSTIN\Administrator" xmlns="http://microsoft.com/schemas/VisualStudio/TeamTest/2010">
  <TestSettings name="Local" id="9107bf73-f7e4-455f-a428-d263719f4794">
    <Description>These are default test settings for a local test run.</Description>
    <Deployment userDeploymentRoot="E:\sites\MockUserAdmin\TestResults" useDefaultDeploymentRoot="false" enabled="false" runDeploymentRoot="Administrator_HPSERVER1 2011-12-21 14_28_42">
      <DeploymentItem filename="E:\sites\MockUserAdmin\packages\EntityFramework.4.1.10331.0\lib\EntityFramework.dll" />
      <DeploymentItem filename="E:\sites\MockUserAdmin\MockUserAdmin\bin\MockUserAdmin.dll" />
      <DeploymentItem filename="E:\sites\MockUserAdmin\packages\Iesi.Collections.3.2.0.4000\lib\Net35\Iesi.Collections.dll" />
      <DeploymentItem filename="E:\sites\MockUserAdmin\packages\Ninject.2.2.1.4\lib\net40-Full\Ninject.dll" />
    </Deployment>
    <Execution>
      <TestTypeSpecific />
      <AgentRule name="Execution Agents">
      </AgentRule>
    </Execution>
  </TestSettings>
  <Times creation="2011-12-21T14:28:42.7276512-06:00" queuing="2011-12-21T14:28:44.3727453-06:00" start="2011-12-21T14:28:44.6247597-06:00" finish="2011-12-21T14:29:21.1788505-06:00" />
  <ResultSummary outcome="Error">
    <Counters total="2" executed="1" error="0" failed="0" timeout="0" aborted="1" inconclusive="0" passedButRunAborted="0" notRunnable="0" notExecuted="1" disconnected="0" warning="0" passed="0" completed="0" inProgress="0" pending="0" />
    <RunInfos>
      <RunInfo computerName="HPSERVER1" outcome="Error" timestamp="2011-12-21T14:29:21.1768504-06:00">
        <Text>Test host process exited unexpectedly.</Text>
      </RunInfo>
    </RunInfos>
  </ResultSummary>
  <TestDefinitions>
    <UnitTest name="UserForm_AddUserMissingFieldTest" storage="e:\sites\mockuseradmin\mockuseradmin.tests\bin\debug\mockuseradmin.tests.dll" id="e2f2b102-9fdd-e18d-9c4e-96ae418b91cb">
      <Execution id="80f0a9f4-96a9-4606-a332-bc469073734e" />
      <TestMethod codeBase="E:/sites/MockUserAdmin/MockUserAdmin.Tests/bin/Debug/MockUserAdmin.Tests.DLL" adapterTypeName="Microsoft.VisualStudio.TestTools.TestTypes.Unit.UnitTestAdapter, Microsoft.VisualStudio.QualityTools.Tips.UnitTest.Adapter, Version=10.0.0.0, Culture=neutral, PublicKeyToken=b03f5f7f11d50a3a" className="MockUserAdmin.Tests.UsersControllerTest, MockUserAdmin.Tests, Version=1.0.0.0, Culture=neutral, PublicKeyToken=null" name="UserForm_AddUserMissingFieldTest" />
    </UnitTest>
    <UnitTest name="UserForm_AddUserBadEmailTest" storage="e:\sites\mockuseradmin\mockuseradmin.tests\bin\debug\mockuseradmin.tests.dll" id="9fe2f82b-8f7b-ff16-4f64-4a0e936d33a0">
      <Execution id="4b728280-3b30-4c99-8265-593484894514" />
      <TestMethod codeBase="E:/sites/MockUserAdmin/MockUserAdmin.Tests/bin/Debug/MockUserAdmin.Tests.DLL" adapterTypeName="Microsoft.VisualStudio.TestTools.TestTypes.Unit.UnitTestAdapter, Microsoft.VisualStudio.QualityTools.Tips.UnitTest.Adapter, Version=10.0.0.0, Culture=neutral, PublicKeyToken=b03f5f7f11d50a3a" className="MockUserAdmin.Tests.UsersControllerTest, MockUserAdmin.Tests, Version=1.0.0.0, Culture=neutral, PublicKeyToken=null" name="UserForm_AddUserBadEmailTest" />
    </UnitTest>
  </TestDefinitions>
  <TestLists>
    <TestList name="Results Not in a List" id="8c84fa94-04c1-424b-9868-57a2d4851a1d" />
    <TestList name="All Loaded Results" id="19431567-8539-422a-85d7-44ee4e166bda" />
  </TestLists>
  <TestEntries>
    <TestEntry testId="e2f2b102-9fdd-e18d-9c4e-96ae418b91cb" executionId="80f0a9f4-96a9-4606-a332-bc469073734e" testListId="8c84fa94-04c1-424b-9868-57a2d4851a1d" />
    <TestEntry testId="9fe2f82b-8f7b-ff16-4f64-4a0e936d33a0" executionId="4b728280-3b30-4c99-8265-593484894514" testListId="8c84fa94-04c1-424b-9868-57a2d4851a1d" />
  </TestEntries>
  <Results>
    <UnitTestResult executionId="80f0a9f4-96a9-4606-a332-bc469073734e" testId="e2f2b102-9fdd-e18d-9c4e-96ae418b91cb" testName="UserForm_AddUserMissingFieldTest" computerName="HPSERVER1" duration="00:00:36.3360783" startTime="2011-12-21T14:28:44.8417721-06:00" endTime="2011-12-21T14:29:21.1778504-06:00" testType="13cdc9d9-ddb5-4fa4-a97d-d965ccfc6d4b" outcome="Aborted" testListId="8c84fa94-04c1-424b-9868-57a2d4851a1d" relativeResultsDirectory="80f0a9f4-96a9-4606-a332-bc469073734e">
    </UnitTestResult>
    <UnitTestResult executionId="4b728280-3b30-4c99-8265-593484894514" testId="9fe2f82b-8f7b-ff16-4f64-4a0e936d33a0" testName="UserForm_AddUserBadEmailTest" computerName="HPSERVER1" testType="13cdc9d9-ddb5-4fa4-a97d-d965ccfc6d4b" outcome="NotExecuted" testListId="8c84fa94-04c1-424b-9868-57a2d4851a1d" relativeResultsDirectory="4b728280-3b30-4c99-8265-593484894514">
    </UnitTestResult>
  </Results>
</TestRun>