<?xml version="1.0" encoding="UTF-8"?>
<TestRun id="8c6ba0a1-e6e3-465b-b746-f1c9266b7559" name="Administrator@HPSERVER1 2011-12-23 10:45:26" runUser="JIMINAUSTIN\Administrator" xmlns="http://microsoft.com/schemas/VisualStudio/TeamTest/2010">
  <TestSettings name="Local" id="9107bf73-f7e4-455f-a428-d263719f4794">
    <Description>These are default test settings for a local test run.</Description>
    <Deployment enabled="false" runDeploymentRoot="Administrator_HPSERVER1 2011-12-23 10_45_26">
      <DeploymentItem filename="E:\sites\MockUserAdmin\packages\EntityFramework.4.1.10331.0\lib\EntityFramework.dll" />
      <DeploymentItem filename="E:\sites\MockUserAdmin\MockUserAdmin\bin\MockUserAdmin.dll" />
      <DeploymentItem filename="E:\sites\MockUserAdmin\packages\Iesi.Collections.3.2.0.4000\lib\Net35\Iesi.Collections.dll" />
      <DeploymentItem filename="E:\sites\MockUserAdmin\packages\Ninject.2.2.1.4\lib\net40-Full\Ninject.dll" />
    </Deployment>
    <Execution>
      <TestTypeSpecific />
      <AgentRule name="Execution Agents">
      </AgentRule>
    </Execution>
  </TestSettings>
  <Times creation="2011-12-23T10:45:26.7830368-06:00" queuing="2011-12-23T10:45:29.8412117-06:00" start="2011-12-23T10:45:30.1912317-06:00" finish="2011-12-23T10:46:38.9921669-06:00" />
  <ResultSummary outcome="Completed">
    <Counters total="1" executed="1" passed="1" error="0" failed="0" timeout="0" aborted="0" inconclusive="0" passedButRunAborted="0" notRunnable="0" notExecuted="0" disconnected="0" warning="0" completed="0" inProgress="0" pending="0" />
  </ResultSummary>
  <TestDefinitions>
    <UnitTest name="UserForm_AddUserTest" storage="e:\sites\mockuseradmin\mockuseradmin.tests\bin\debug\mockuseradmin.tests.dll" id="1c210d8d-b27c-ef40-3250-e118ebbf340f">
      <Execution id="0adeaa8b-42e5-40ac-b30a-7bbeca0e4ce1" />
      <TestMethod codeBase="E:/sites/MockUserAdmin/MockUserAdmin.Tests/bin/Debug/MockUserAdmin.Tests.DLL" adapterTypeName="Microsoft.VisualStudio.TestTools.TestTypes.Unit.UnitTestAdapter, Microsoft.VisualStudio.QualityTools.Tips.UnitTest.Adapter, Version=10.0.0.0, Culture=neutral, PublicKeyToken=b03f5f7f11d50a3a" className="MockUserAdmin.Tests.UsersControllerTest, MockUserAdmin.Tests, Version=1.0.0.0, Culture=neutral, PublicKeyToken=null" name="UserForm_AddUserTest" />
    </UnitTest>
  </TestDefinitions>
  <TestLists>
    <TestList name="Results Not in a List" id="8c84fa94-04c1-424b-9868-57a2d4851a1d" />
    <TestList name="All Loaded Results" id="19431567-8539-422a-85d7-44ee4e166bda" />
  </TestLists>
  <TestEntries>
    <TestEntry testId="1c210d8d-b27c-ef40-3250-e118ebbf340f" executionId="0adeaa8b-42e5-40ac-b30a-7bbeca0e4ce1" testListId="8c84fa94-04c1-424b-9868-57a2d4851a1d" />
  </TestEntries>
  <Results>
    <UnitTestResult executionId="0adeaa8b-42e5-40ac-b30a-7bbeca0e4ce1" testId="1c210d8d-b27c-ef40-3250-e118ebbf340f" testName="UserForm_AddUserTest" computerName="HPSERVER1" duration="00:01:05.5489428" startTime="2011-12-23T10:45:30.4422461-06:00" endTime="2011-12-23T10:46:38.2621252-06:00" testType="13cdc9d9-ddb5-4fa4-a97d-d965ccfc6d4b" outcome="Passed" testListId="8c84fa94-04c1-424b-9868-57a2d4851a1d" relativeResultsDirectory="0adeaa8b-42e5-40ac-b30a-7bbeca0e4ce1">
    </UnitTestResult>
  </Results>
</TestRun>